16:25:49 **** Incremental Build of configuration Debug for project st7889 ****
make -j4 all 
arm-none-eabi-gcc -o "st7889.elf" @"objects.list"   -mcpu=cortex-m3 -T"C:\Users\Admin\OneDrive\Desktop\embedded c\instructor\host\st7889\STM32F103C6TX_FLASH.ld" --specs=nosys.specs -Wl,-Map="st7889.map" -Wl,--gc-sections -static --specs=nano.specs -mfloat-abi=soft -mthumb -Wl,--start-group -lc -lm -Wl,--end-group
c:\st\stm32cubeide_1.10.1\stm32cubeide\plugins\com.st.stm32cube.ide.mcu.externaltools.gnu-tools-for-stm32.10.3-2021.10.win32_1.0.0.202111181127\tools\arm-none-eabi\bin\ld.exe:C:\Users\Admin\OneDrive\Desktop\embedded c\instructor\host\st7889\STM32F103C6TX_FLASH.ld:88: non constant or forward reference address expression for section .ARM.extab
collect2.exe: error: ld returned 1 exit status
make: *** [makefile:64: st7889.elf] Error 1
"make -j4 all" terminated with exit code 2. Build might be incomplete.

16:25:50 Build Failed. 2 errors, 0 warnings. (took 1s.333ms)

